2019-04-17 21:05:16 [scrapy.utils.log] INFO: Scrapy 1.6.0 started (bot: csdn)
2019-04-17 21:05:16 [scrapy.utils.log] INFO: Versions: lxml 4.3.3.0, libxml2 2.9.9, cssselect 1.0.3, parsel 1.5.1, w3lib 1.20.0, Twisted 18.4.0rc1, Python 2.7.15rc1 (default, Nov 12 2018, 14:31:15) - [GCC 7.3.0], pyOpenSSL 19.0.0 (OpenSSL 1.1.1b  26 Feb 2019), cryptography 2.6.1, Platform Linux-4.15.0-47-generic-x86_64-with-Ubuntu-18.04-bionic
2019-04-17 21:05:16 [scrapy.crawler] INFO: Overridden settings: {'NEWSPIDER_MODULE': 'csdn.spiders', 'ROBOTSTXT_OBEY': True, 'DUPEFILTER_CLASS': 'scrapy_redis.dupefilter.RFPDupeFilter', 'SPIDER_MODULES': ['csdn.spiders'], 'BOT_NAME': 'csdn', 'SCHEDULER': 'scrapy_redis.scheduler.Scheduler', 'LOG_FILE': 'logs/csdn/csdn_first/6dd2f44a611111e9ab2bd0577b09417e.log'}
2019-04-17 21:05:16 [scrapy.extensions.telnet] INFO: Telnet Password: 9a7a7bb9480882e8
2019-04-17 21:05:16 [scrapy.middleware] INFO: Enabled extensions:
['scrapy.extensions.memusage.MemoryUsage',
 'scrapy.extensions.logstats.LogStats',
 'scrapy.extensions.telnet.TelnetConsole',
 'scrapy.extensions.corestats.CoreStats']
2019-04-17 21:05:16 [scrapy.middleware] INFO: Enabled downloader middlewares:
['scrapy.downloadermiddlewares.robotstxt.RobotsTxtMiddleware',
 'scrapy.downloadermiddlewares.httpauth.HttpAuthMiddleware',
 'scrapy.downloadermiddlewares.downloadtimeout.DownloadTimeoutMiddleware',
 'scrapy.downloadermiddlewares.defaultheaders.DefaultHeadersMiddleware',
 'scrapy.downloadermiddlewares.useragent.UserAgentMiddleware',
 'scrapy.downloadermiddlewares.retry.RetryMiddleware',
 'scrapy.downloadermiddlewares.redirect.MetaRefreshMiddleware',
 'scrapy.downloadermiddlewares.httpcompression.HttpCompressionMiddleware',
 'scrapy.downloadermiddlewares.redirect.RedirectMiddleware',
 'scrapy.downloadermiddlewares.cookies.CookiesMiddleware',
 'scrapy.downloadermiddlewares.httpproxy.HttpProxyMiddleware',
 'scrapy.downloadermiddlewares.stats.DownloaderStats']
2019-04-17 21:05:16 [scrapy.middleware] INFO: Enabled spider middlewares:
['scrapy.spidermiddlewares.httperror.HttpErrorMiddleware',
 'scrapy.spidermiddlewares.offsite.OffsiteMiddleware',
 'scrapy.spidermiddlewares.referer.RefererMiddleware',
 'scrapy.spidermiddlewares.urllength.UrlLengthMiddleware',
 'scrapy.spidermiddlewares.depth.DepthMiddleware']
2019-04-17 21:05:16 [scrapy.middleware] INFO: Enabled item pipelines:
['csdn.pipelines.MongoPipeline', 'scrapy_redis.pipelines.RedisPipeline']
2019-04-17 21:05:16 [scrapy.core.engine] INFO: Spider opened
2019-04-17 21:05:17 [scrapy.extensions.logstats] INFO: Crawled 0 pages (at 0 pages/min), scraped 0 items (at 0 items/min)
2019-04-17 21:05:17 [scrapy.extensions.telnet] INFO: Telnet console listening on 127.0.0.1:6024
2019-04-17 21:05:18 [scrapy.core.engine] INFO: Closing spider (finished)
2019-04-17 21:05:19 [scrapy.statscollectors] INFO: Dumping Scrapy stats:
{'finish_reason': 'finished',
 'finish_time': datetime.datetime(2019, 4, 17, 13, 5, 19, 54779),
 'log_count/INFO': 9,
 'memusage/max': 62259200,
 'memusage/startup': 62259200,
 'scheduler/enqueued/redis': 1,
 'start_time': datetime.datetime(2019, 4, 17, 13, 5, 17, 484373)}
2019-04-17 21:05:19 [scrapy.core.engine] INFO: Spider closed (finished)
