2019-04-17 20:37:01 [scrapy.utils.log] INFO: Scrapy 1.6.0 started (bot: csdn)
2019-04-17 20:37:01 [scrapy.utils.log] INFO: Versions: lxml 4.3.3.0, libxml2 2.9.9, cssselect 1.0.3, parsel 1.5.1, w3lib 1.20.0, Twisted 18.4.0rc1, Python 2.7.15rc1 (default, Nov 12 2018, 14:31:15) - [GCC 7.3.0], pyOpenSSL 19.0.0 (OpenSSL 1.1.1b  26 Feb 2019), cryptography 2.6.1, Platform Linux-4.15.0-47-generic-x86_64-with-Ubuntu-18.04-bionic
2019-04-17 20:37:01 [scrapy.crawler] INFO: Overridden settings: {'NEWSPIDER_MODULE': 'csdn.spiders', 'ROBOTSTXT_OBEY': True, 'DUPEFILTER_CLASS': 'scrapy_redis.dupefilter.RFPDupeFilter', 'SPIDER_MODULES': ['csdn.spiders'], 'BOT_NAME': 'csdn', 'SCHEDULER': 'scrapy_redis.scheduler.Scheduler', 'LOG_FILE': 'logs/csdn/csdn_first/7b86f5ea610d11e9ab2bd0577b09417e.log'}
2019-04-17 20:37:01 [scrapy.extensions.telnet] INFO: Telnet Password: 1dd187008eb71db1
2019-04-17 20:37:01 [scrapy.middleware] INFO: Enabled extensions:
['scrapy.extensions.memusage.MemoryUsage',
 'scrapy.extensions.logstats.LogStats',
 'scrapy.extensions.telnet.TelnetConsole',
 'scrapy.extensions.corestats.CoreStats']
2019-04-17 20:37:01 [scrapy.middleware] INFO: Enabled downloader middlewares:
['scrapy.downloadermiddlewares.robotstxt.RobotsTxtMiddleware',
 'scrapy.downloadermiddlewares.httpauth.HttpAuthMiddleware',
 'scrapy.downloadermiddlewares.downloadtimeout.DownloadTimeoutMiddleware',
 'scrapy.downloadermiddlewares.defaultheaders.DefaultHeadersMiddleware',
 'scrapy.downloadermiddlewares.useragent.UserAgentMiddleware',
 'scrapy.downloadermiddlewares.retry.RetryMiddleware',
 'scrapy.downloadermiddlewares.redirect.MetaRefreshMiddleware',
 'scrapy.downloadermiddlewares.httpcompression.HttpCompressionMiddleware',
 'scrapy.downloadermiddlewares.redirect.RedirectMiddleware',
 'scrapy.downloadermiddlewares.cookies.CookiesMiddleware',
 'scrapy.downloadermiddlewares.httpproxy.HttpProxyMiddleware',
 'scrapy.downloadermiddlewares.stats.DownloaderStats']
2019-04-17 20:37:01 [scrapy.middleware] INFO: Enabled spider middlewares:
['scrapy.spidermiddlewares.httperror.HttpErrorMiddleware',
 'scrapy.spidermiddlewares.offsite.OffsiteMiddleware',
 'scrapy.spidermiddlewares.referer.RefererMiddleware',
 'scrapy.spidermiddlewares.urllength.UrlLengthMiddleware',
 'scrapy.spidermiddlewares.depth.DepthMiddleware']
2019-04-17 20:37:01 [scrapy.middleware] INFO: Enabled item pipelines:
['csdn.pipelines.MongoPipeline', 'scrapy_redis.pipelines.RedisPipeline']
2019-04-17 20:37:01 [scrapy.core.engine] INFO: Spider opened
2019-04-17 20:37:02 [scrapy.extensions.logstats] INFO: Crawled 0 pages (at 0 pages/min), scraped 0 items (at 0 items/min)
2019-04-17 20:37:02 [scrapy.extensions.telnet] INFO: Telnet console listening on 127.0.0.1:6023
2019-04-17 20:37:02 [scrapy.core.engine] DEBUG: Crawled (200) <GET https://blog.csdn.net/robots.txt> (referer: None)
2019-04-17 20:37:03 [scrapy.core.engine] DEBUG: Crawled (200) <GET https://blog.csdn.net/qq_41769322/article/details/88925232> (referer: None)
2019-04-17 20:37:03 [scrapy.core.scraper] DEBUG: Scraped from <200 https://blog.csdn.net/qq_41769322/article/details/88925232>
{'readcount': [u'\u9605\u8bfb\u6570\uff1a4536'],
 'title': u'Linux\u7cfb\u7edf\u7684\u5b66\u4e60\u5c0f\u7ed3'}
2019-04-17 20:37:04 [scrapy.core.engine] INFO: Closing spider (finished)
2019-04-17 20:37:04 [scrapy.statscollectors] INFO: Dumping Scrapy stats:
{'downloader/request_bytes': 659,
 'downloader/request_count': 2,
 'downloader/request_method_count/GET': 2,
 'downloader/response_bytes': 34567,
 'downloader/response_count': 2,
 'downloader/response_status_count/200': 2,
 'finish_reason': 'finished',
 'finish_time': datetime.datetime(2019, 4, 17, 12, 37, 4, 340809),
 'item_scraped_count': 1,
 'log_count/DEBUG': 3,
 'log_count/INFO': 9,
 'memusage/max': 62201856,
 'memusage/startup': 62201856,
 'response_received_count': 2,
 'robotstxt/request_count': 1,
 'robotstxt/response_count': 1,
 'robotstxt/response_status_count/200': 1,
 'scheduler/dequeued/redis': 1,
 'scheduler/enqueued/redis': 1,
 'start_time': datetime.datetime(2019, 4, 17, 12, 37, 2, 416377)}
2019-04-17 20:37:04 [scrapy.core.engine] INFO: Spider closed (finished)
